[    0.000000] Initializing cgroup subsys cpuset
[    0.000000] Initializing cgroup subsys cpu
[    0.000000] Initializing cgroup subsys cpuacct
[    0.000000] Linux verson 4.4.0-137-generic (buildd@lgw01-amd64-037) (gcc version 5.4.0 20160609 (Ubuntu 5.4.0-6ubuntu1~16.04.10) ) #163-Ubuntu SMP Mon Sep 24 13:14:43 UTC 2018 (Ubuntu 4.4.0-137.163-generic 4.4.144)
[    0.000000] Command line: BOOT_IMAGE=/boot/vmlinuz-4.4.0-137-generic root=UUID=1944b013-04db-427d-b9cb-2e000828c5db ro console=tty1 console=ttyS0
[    0.000000] KERNEL supported pus:
[  0.000000]   Intel GenuineIntel
[    0000]  AMD AutencAMD
[    0.00000] Ceau CentaurHauls
[  000000] x86/fu:stte_offset[2]: 5, state_sizes[2]:  256
[    0.000000] x86/fpu: Supporting XSAVE feature 0x01: 'x87 floating point registers'
[    0.000000] x86/fpu: Supporting XSAVE feature 0x02: 'SSE registers'
[    0.000000] x86/fpu: Supporting XSAVE feature 0x04: 'AVX registers'
[    0.000000] x86/fpu: Enabled xstate features 0x7, context size is 832 bytes, using 'standard' format.
[    0.000000] e820: BIOS-provided physical RAM map:
[    0.000000] BIOS-e820: [mem 0x0000000000000000-0x000000000009fbff] usable
[    0.000000] BIOS-e820: [mem 0x000000000009fc00-0x000000000009ffff] reserved
[    0.000000] BIOS-e820: [mem 0x00000000000f0000-0x00000000000fffff] resrved
[    0.000000] BIOS-e820: [mem 0x000000000100000-0x000000003ffeffff] usable
[    0.000000] BIOS-e820: [mem 0x000000003ff0000-0x000000003fffffff] CPdata
[    0.000000] BIOS-e820: [mem 0x00000000fe00-0x00000000c0ff] rerv
    0.000000]IOe820: [mem 000000fee00000x000000fee0fff] reserved
[    0.000000] BIOS-e820: [mem 0x00000000fffc0000-0x00000000ffffffff] reserved
[    0.000000] NX (Execute Disable) protection: active
[    0.000000] SMBIOS 2.5 present.
[    0.000000] Hypervisor detected: KVM
[    0.000000] e820: last_pfn = 0x3fff0 max_arch_pfn = 0x400000000
[    0.000000] MTRR: Disabled
[    0.000000] x86/PAT: MTRRs disle, skippinPAinitializaonoo.
[    0.00000] CPU MTRRs all blank - virtualized system.
[    0.000000] x86/PAT: Configuration [0-7]: WB  WT  UC- UC  WB  WT  UC- UC  
[    0.000000] found SMP MP-table at [mem 0x0009fff0-0x0009ffff] mapped at [ffff88000009fff0]
[    0.000000] Scanning 1 areas for low memory corruption
[    0.000000] RAMDISK: [mem 0x361ee000-0x370eefff]
[    0.000000] ACPI: Early table checksum verification disabled
[    0.000000] ACPI: RSDP 0x00000000000E0000 000024 (v02 VBOX  )
[    0.000000] ACPI: XSDT 0x000000003FFF0030 00003C (v01 VBOX   VBOXXSDT 00000001 ASL  00000061)
[    0.000000] ACPI: FACP 0x000000003FFF00F0 0000F4 (v04 VBOX   VBOXFACP 00000001 ASL  00000061)
[    0.000000] ACPI: DSDT 0x000000003FFF0470 0021FF (v02 VBOX   VBOXBIOS 00000002 INTL 20100528)
[    0.000000] ACPI: FACS 0x000000003FFF0200 000040
[    0.000000] ACPI: FACS 0x000000003FFF0200 000040
[    0.000000] ACPI: APIC 0x000000003FFF0240 00005C (v0VB   VBOXAPIC 00000001 ASL  00000061)
[    0.000000] ACPI: SSDT 0x000000003FFF02A0 0001CC (v01 VBOX   VBOXCPUT 00000002 INTL 20100528)
[    0.000000] No NUMA configuration found
[    0.000000] Faking a node at [mem 0x0000000000000000-0x000000003ffeffff]
[    0.000000] NODE_DATA(0) allocated [mem 0x3ffeb000-0x3ffeffff]
[    0.000000] kvm-clock: Using msrs 4b564d01 and 4b564d00
[    0.000000] kvm-clock: cpu 0, msr 0:3ffe3001, primary cpu clock
[    0.000000] kvm-clock: using sched offset of 3881310991 cycles
[    0.000000] clocksource: kvm-clock: mask: 0xffffffffffffffff max_cycles: 0x1cd42e4dffb, max_idle_ns: 881590591483 ns
[    0.000000] Zone ranges:
[    0.000000]   DMA      [mem 0x0000000000001000-0x0000000000ffffff]
[    0.000000]   DMA32    mem 0x00000001000-x00000003efff][  00000] Normal   empty
[   .0000]   Device   empty
[    0.000000] Movable zone start for each node
[    0.000000] Early memory node ranges
[    0.000000]   node   0: [mem 0x000000001000-0x000000000009efff]
[    0.000000]   node   0: [mem 0x0000000000100000-0x000000003ffeffff]

[    0.000000] Initmem setup node 0 [mem 0x0000000000001000-0x000000003ffeffff]
[    0.000000] ACPI: PM-Timer IO Port: 0x4008
[    0.000000] IOAPIC[0]: apic_id 2, version 32, address 0xfec00000, GSI 0-23
[    0.000000] ACPI: INT_SRC_OVR (bus 0 bus_irq 0 global_irq 2 dfl dfl)
[    0.000000] ACPI: INT_SRC_OVR (bus 0 bus_irq 9 global_irq 9 low level)
[    0.000000] Using ACPI (MADT) for SMP configuration information
[    0.000000] smpboot: Allowing 2 CPUs, 0 hotplug CPUs
[    0.000000PM:Registered nosave memory: [mem 0x00000-x00000fff]
[  000000] PM: Regted osavememory: [mem 0x09f000-0x0009ffff]
  0.000000] PM: Registered nosave memory: [mem 0x000a0000-0x000effff]
[    0.000000] PM: Registered nosave memor [em 0x0000-0x000fffff
[   000000] e820: [emx4000000-0febfffff] aaible for PCI devices
[    0.000000] Booting paravirtualized kernel on KVM
[    0.000000] clocksource: refined-jiffies: mask: 0xffffffff max_cycles: 0xffffffff, max_idle_ns: 7645519600211568 ns
[    0.000000] setup_percpu: NR_CPUS:512 nr_cpumask_bits:512 nr_cpu_ids:2 nr_node_ids:1
[    0.000000] PERCPU: Embedded 34 pages/cpu @ffff88003fc00000 s99608 r8192 d31464 u1048576
[    0.000000] PV qspinlock hash table entries: 256 (order: 0, 4096 bytes)
[    0.000000] Built 1 zonelists in Node order, mobility grouping on Ttal pages: 257912
[    0.000000] Polcy zone:DMA32
[   0.000] Kenel commd line: BOOT_IMAE=oo/vmlinuz-4.4.0-137enic rotUI1944b013-04b-427d-bb-e00082c5 rcconsole=tty1 console=ttyS0
[    0.000000] PID hash table entries: 4096 (order: 3, 32768 bytes)
[    0.000000] Memory: 997140K/1048120K available (8555K kernel code, 1314K rwdata, 4004K rodata, 1528K init, 1316K bss, 50980K reserved, 0K cma-reserved)
[    0.000000] SLUB: HWalign=64, Order=0-3, MinObjects=0, CPUs=2, Nodes=1
[    0.000000] Kernel/User page tables isolation: enabled
[    0.000000] Hierarchical RCU implementation.
[    0.000000] 	Build-time adjustment of leaf fanout to 64.
[    0.000000] 	RCU restricting CPUs from NR_CPUS=512 to nr_cpu_ids=2.
[    0.000000] RCU: Adjusting geometry for rcu_fanout_leaf=64, nr_cpu_ids=2
[    0.000000] NR_IRQS:33024 nr_irqs:440 16
[    0.000000] Console: colour VGA+ 80x25
[    0.000000] console [tty1] enabled
[   0.00000] console [ttyS0] enabled
[    0.00000] tsc: Detected 2303.998 MHz processor
[    2.776432] Calibrating delay loop (skipped) preset value.. 4607.99 BogoMIPS (lpj21992)
[    2.815281] pid_max: default: 32768 minimum: 301
[    2.849459] ACPI: Core revision 20150930
[    2.850947] ACPI: 2 ACPI AML tables successfully acquired and loaded
[    2.900840] Security Framework initialized
[    2.940664] Yama: becoming mindful.
[    2.963600] AppArmor: AppArmor initialized
[    2.997309] Dentry cache hash table entries: 131072 (order: 8, 1048576 bytes)
[    3.073994] Inode-cache hash table entries: 65536 (order: 7, 524288 bytes)
[    3.127027] Mount-cache hash table entries: 2048 (order: 2, 16384 bytes)
[    3.170473] Mountpoint-cache hash table entries: 2048 (order: 2, 16384 bytes)
[    3.171802] Initializing cgroup subsys io
[    3.172583] Initializing cgroup subsys memory
[    3.192842] Initializing cgroup subsys devices
[    3.226498] Initializing cgroup subsys freezer
[    3.247785] Initializing cgroup subsys net_cls
[    3.273345] Initializing cgroup subsys perf_event
[    3.310129] Initializing cgroup subsys net_prio
[    3.343621] Initializing cgroup subsys hugetlb
[    3.344462] Initializing cgroup subsys pids
[    3.346846] mce: CPU supports 0 MCE banks
[    3.347626] Last level iTLB entries: 4KB 64, 2MB 8, 4MB 8
[    3.348597] Last level dTLB entries: 4KB 64, 2MB 0, 4MB 0, 1GB 4
[    3.349630] Spectre V2 : Mitigation: Full generic retpoline
[    3.350605] Spectre V2 : Spectre v2 mitigation: Speculation control IBPB not-supported IBRS not-supported
[    3.363132] Spectre V2 : Spectre v2 / SpectreRSB mitigation: Filling RSB on context switch
[    3.364973] Speculative Store Bypass: Vulnerable
[    3.367901] Freeing SMP alternatives memory: 32K
[    3.402251] ftrace: allocating 32265 entries in 127 pages
[    3.476049] smpboot: APIC(0) Converting physical 0 to logical package 0
[    3.484503] smpboot: Max logical packages: 1
[    3.503429] x2apic enabled
[    3.526465] Switched APIC routing to physical x2apic.
[    3.528314] ..TIMER: vector=0x30 apic1=0 pin1=2 apic2=-1 pin2=-1
[    3.696548] smpboot: CPU0: Intel(R) Core(TM) i5-7360U CPU @ 2.30GHz (family: 0x6, model: 0x8e, stepping: 0x9)
[    3.762101] Performance Events: unsupported p6 CPU model 142 no PMU driver, software events only.
[    3.763822] KVM setup paravirtual spinlock
[    3.782058] x86: Booting SMP configuration:
[    3.782781] .... node  #0, CPUs:      #1
[    3.783857] kvm-clock: cpu 1, msr 0:3ffe3041, secondary cpu clock
[    3.792719] mce: CPU supports 0 MCE banks
[    3.795253] x86: Booted up 1 node, 2 CPUs
[    3.796178] smpboot: Total of 2 processors activated (9215.99 BogoMIPS)
[    3.797663] devtmpfs: initialized
[    3.799635] evm: security.selinux
[    3.800319] evm: security.SMACK64
[    3.801177] evm: security.SMACK64EXEC
[    3.804020] evm: security.SMACK64TRANSMUTE
[    3.804938] evm: security.SMACK64MMAP
[    3.805895] evm: security.ima
[    3.808320] evm: security.capability
[    3.810912] clocksource: jiffies: mask: 0xffffffff max_cycles: 0xffffffff, max_idle_ns: 7645041785100000 ns
[    3.823962] futex hash table entries: 512 (order: 3, 32768 bytes)
[    3.826886] pinctrl core: initialized pinctrl subsystem
[    3.838101] RTC time: 11:46:11, date: 10/18/18
[    3.840707] NET: Registered protocol family 16
[    3.852317] cpuidle: using governor ladder
[    3.865451] cpuidle: using governor menu
[    3.895790] PCCT header not found.
[    3.910075] ACPI: bus type PCI registered
[    3.931517] acpiphp: ACPI Hot Plug PCI Controller Driver version: 0.5
[    3.989168] PCI: Using configuration type 1 for base access
[    4.031108] ACPI: Added _OSI(Module Device)
[    4.048706] ACPI: Added _OSI(Processor Device)
[    4.077254] ACPI: Added _OSI(3.0 _SCP Extensions)
[    4.117080] ACPI: Added _OSI(Processor Aggregator Device)
[    4.129661] ACPI: Executed 1 blocks of module-level executable AML code
[    4.132451] ACPI: Interpreter enabled
[    4.160434] ACPI: (supports S0 S5)
[    4.161116] ACPI: Using IOAPIC for interrupt routing
[    4.162151] PCI: Using host bridge windows from ACPI; if necessary, use "pci=nocrs" and report a bug
[    4.166825] ACPI: PCI Root Bridge [PCI0] (domain 0000 [bus 00-ff])
[    4.210146] acpi PNP0A03:00: _OSC: OS supports [ASPM ClockPM Segments MSI]
[    4.218017] acpi PNP0A03:00: _OSC: not requesting OS control; OS requires [ExtendedConfig ASPM ClockPM MSI]
[    4.219734] acpi PNP0A03:00: fail to add MMCONFIG information, can't access extended PCI configuration space under this bridge.
[    4.262134] PCI host bridge to bus 0000:00
[    4.262914] pci_bus 0000:00: root bus resource [io  0x0000-0x0cf7 window]
[    4.264062] pci_bus 0000:00: root bus resource [io  0x0d00-0xffff window]
[    4.322137] pci_bus 0000:00: root bus resource [mem 0x000a0000-0x000bffff window]
[    4.342755] pci_bus 0000:00: root bus resource [mem 0x40000000-0xfdffffff window]
[    4.355449] pci_bus 0000:00: root bus resource [bus 00-ff]
[    4.380861] pci 0000:00:01.1: legacy IDE quirk: reg 0x10: [io  0x01f0-0x01f7]
[    4.397563] pci 0000:00:01.1: legacy IDE quirk: reg 0x14: [io  0x03f6]
[    4.398670] pci 0000:00:01.1: legacy IDE quirk: reg 0x18: [io  0x0170-0x0177]
[    4.399858] pci 0000:00:01.1: legacy IDE quirk: reg 0x1c: [io  0x0376]
[    4.444993] pci 0000:00:07.0: quirk: [io  0x4000-0x403f] claimed by PIIX4 ACPI
[    4.494297] pci 0000:00:07.0: quirk: [io  0x4100-0x410f] claimed by PIIX4 SMB
[    4.530790] ACPI: PCI Interrupt Link [LNKA] (IRQs 5 9 10 *11)
[    4.557489] ACPI: PCI Interrupt Link [LNKB] (IRQs 5 9 *10 11)
[    4.558872] ACPI: PCI Interrupt Link [LNKC] (IRQs 5 *9 10 11)
[    4.560266] ACPI: PCI Interrupt Link [LNKD] (IRQs 5 9 10 *11)
[    4.604280] ACPI: Enabled 2 GPEs in block 00 to 07
[    4.612068] vgaarb: setting as boot device: PCI:0000:00:02.0
[    4.625493] vgaarb: device added: PCI:0000:00:02.0,decodes=io+mem,owns=io+mem,locks=none
[    4.637181] vgaarb: loaded
[    4.637779] vgaarb: bridge control possible 0000:00:02.0
[    4.638914] SCSI subsystem initialized
[    4.639796] ACPI: bus type USB registered
[    4.665540] usbcore: registered new interface driver usbfs
[    4.689902] usbcore: registered new interface driver hub
[    4.717414] usbcore: registered new device driver usb
[    4.740850] PCI: Using ACPI for IRQ routing
[    4.769540] NetLabel: Initializing
[    4.787954] NetLabel:  domain hash size = 128
[    4.807632] NetLabel:  protocols = UNLABELED CIPSOv4
[    4.836812] NetLabel:  unlabeled traffic allowed by default
[    4.861521] amd_nb: Cannot enumerate AMD northbridges
[    4.867867] clocksource: Switched to clocksource kvm-clock
[    4.876175] AppArmor: AppArmor Filesystem Enabled
[    4.877126] pnp: PnP ACPI init
[    4.878438] pnp: PnP ACPI: found 3 devices
[    4.888741] clocksource: acpi_pm: mask: 0xffffff max_cycles: 0xfffff, max_les:0801024 ns
  5.22] T:egted otolamy 

[    5.638911] T eabsh hh blenies: 8192 (order: 4, 65536 bytes)

[    5.982991] TCP bind hash table entris: 8192 (ode 5 131072 bte
  6.96] P:astaesongud stlied19bi 82)[  6957699] UDP hash table entries: 512 (order: 2, 16384 bytes)
[    7.063335 UDP-Lite hash table entie 5 (de 2164 te
  7.91] T:egted otolamy 
[  815919pci 0000:00:00.0:imindictCICIrafe
    8.50769] pci 00001. Aiving ISA DMA hang workarounds
[    8.843170] Unpacking initramfs...

[    9.034067] Freeing initrd memory: 15364K
[    9.064881] platform rtc_cmos: registered platform RTC device (no PNP device found)
[    9.126299] Scanning for low memory corruption every 60 seconds
[    9.169000] audit: initializing netlink subsys (disabled)
[    9.177092] audit: type=2000 audit(1539863178.522:1): initialized
[    9.178357] Initialise system trusted keyring
[    9.179345] HugeTLB registered 2 MB page size, pre-allocated 0 pages
[    9.200804] zbud: loaded
[    9.201751] VFS: Disk quotas dquot_6.6.0
[    9.202540] VFS: Dquot-cache hash table entries: 512 (order 0, 4096 bytes)
[    9.204060] squashfs: version 4.0 (2009/01/31) Phillip Lougher
[    9.205397] fuse init (API version 7.23)
[    9.206301] Key type big_key registered
[    9.207153] Allocating IMA MOK and blacklist keyrings.
[    9.209415] Key type asymmetric registered
[    9.210204] Asymmetric key parser 'x509' registered
[    9.211135] Block layer SCSI generic (bsg) driver version 0.4 loaded (major 249)
[    9.212732] io scheduler noop registered
[    9.213503] io scheduler deadline registered (default)
[    9.214466] io scheduler cfq registered
[    9.215296] pci_hotplug: PCI Hot Plug PCI Core version: 0.5
[    9.216319] pciehp: PCI Express Hot Plug Controller Driver version: 0.4
[    9.221347] ACPI: AC Adapter [AC] (on-line)
[    9.222561] input: Power Button as /devices/LNXSYSTM:00/LNXPWRBN:00/input/input0
[    9.237272] ACPI: Power Button [PWRF]
[    9.256689] input: Sleep Button as /devices/LNXSYSTM:00/LNXSLPBN:00/input/input1
[    9.270511] ACPI: Sleep Button [SLPF]
[    9.271458] GHES: HEST is not enabled!
[    9.280814] Serial: 8250/16550 driver, 32 ports, IRQ sharing enabled
[    9.306517] 00:02: ttyS0 at I/O 0x3f8 (irq = 4, base_baud = 115200) is a 16550A
[    9.318341] Linux agpgart interface v0.103
[    9.321878] loop: module loaded
[    9.328747] scsi host0: ata_piix
[    9.571] scsi ht1atpi
[    9.609729] ata1: PATA max UDMA/33 cmd 0x1f0 ctl 0x3f6 bmdma 0xd000 irq 14
[    9.617927]at: TAaxDM33mdx1 c 076bmdma 0xd008 irq 15
[   10.111189] tsc: RefedSClocksource caliation: 2304.337 MHz

[   10.319795] clocksource: tsc: mask: 0xffffffffffffffff max_cycles: 0x2137361e6de, max_idle_ns: 440795254830 ns
[   10.319994] libphy: Fixed MDIO Bus: probed
[   10.319996] tun: Universal TUN/TAP device driver, 1.6
[   10.319997] tun: (C) 1999-2004 Max Krasnyansky <maxk@qualcomm.com>
[   10.320051] PPP generic driver version 2.4.2
[   10.320113] ehci_hcd: USB 2.0 'Enhanced' Host Controller (EHCI) Driver
[   10.320120] ehci-pci: EHCI PCI platform driver
[   10.320135] ehci-platform: EHCI generic platform driver
[   10.320143] ohci_hcd: USB 1.1 'Open' Host Controller (OHCI) Driver
[   10.320146] ohci-pci: OHCI PCI platform driver
[   10.320154] ohci-platform: OHCI generic platform driver
[   10.320161] uhci_hcd: USB Universal Host Controller Interface driver
[   10.320221] i8042: PNP: PS/2 Controller [PNP0303:PS2K,PNP0f03:PS2M] at 0x60,0x64 irq 1,12
[   10.345173] serio: i8042 KBD port at 0x60,0x64 irq 1
[   10.345179] serio: i8042 AUX port at 0x60,0x64 irq 12
[   10.345317] mousedev: PS/2 mouse device common for all mice
[   10.345627] rtc_cmos rtc_cmos: rtc core: registered rtc_cmos as rtc0
[   10.345677] rtc_cmos rtc_cmos: alarms up to one day, 114 bytes nvram
[   10.345683] i2c /dev entries driver
[   10.345737] device-mapper: uevent: version 1.0.3
[   10.345786] device-mapper: ioctl: 4.34.0-ioctl (2015-10-28) initialised: dm-devel@redhat.com
[   10.345805] ledtrig-cpu: registered to indicate activity on CPUs
[   10.346073] NET: Registered protocol family 10
[   10.346217] NET: Registered protocol family 17
[   10.346229] Key type dns_resolver registered
[   10.346454] registered taskstats version 1
[   10.346465] Loading compiled-in X.509 certificates
[   10.347044] Loaded X.509 cert 'Build time autogenerated kernel key: 20acc96b50ca7641011eace69d32209215a9b56f'
[   10.347059] zswap: loaded using pool lzo/zbud
[   10.348516] Key type trusted registered
[   10.351130] Key type encrypted registered
[   10.351136] AppArmor: AppArmor sha1 policy hashing enabled
[   10.351138] ima: No TPM chip found, activating TPM-bypass!
[   10.351148] ima: Allocated hash algorithm: sha1
[   10.351157] evm: HMAC attrs: 0x1
[   10.351404]   Magic number: 6:778:782
[   10.351724] rtc_cmos rtc_cmos: setting system clock to 2018-10-18 11:46:18 UTC (1539863178)
[   10.351799] BIOS EDD facility v0.16 2004-Jun-25, 0 devices found
[   10.351799] EDD information not available.
[   10.505435] input: AT Translated Set 2 keyboard as /devices/platform/i8042/serio0/input/input2
[   10.609505] Freeing unused kernel memory: 1528K
[   10.684613] Write protecting the kernel read-only data: 14336k
[   10.801607] Freeing unused kernel memory: 1672K
[   10.913653] Freeing unused kernel memory: 92K
Loading, please [   10.994022] random: systemd-udevd: uninitialized urandom read (16 bytes read, 3 bits of entropy available)
wait...
starting version 229
[   10.994490] random: udevadm: uninitialized urandom read (16 bytes read, 3 bits of entropy available)
[   10.994504] random: udevadm: uninitialized urandom read (16 bytes read, 3 bits of entropy available)
[   11.000237] random: udevadm: uninitialized urandom read (16 bytes read, 3 bits of entropy available)
[   11.000270] random: udevadm: uninitialized urandom read (16 bytes read, 3 bits of entropy available)
[   11.000368] random: udevadm: uninitialized urandom read (16 bytes read, 3 bits of entropy available)
[   11.000404] random: udevadm: uninitialized urandom read (16 bytes read, 3 bits of entropy available)
[   11.000439] random: udevadm: uninitialized urandom read (16 bytes read, 3 bits of entropy available)
[   11.000475] random: udevadm: uninitialized urandom read (16 bytes read, 3 bits of entropy available)
[   11.000508] random: udevadm: uninitialized urandom read (16 bytes read, 3 bits of entropy available)
[   11.450946] e1000: Intel(R) PRO/1000 Network Driver - version 7.3.21-k8-NAPI
[   11.463149] e1000: Copyright (c) 1999-2006 Intel Corporation.
[   11.465751] Fusion MPT base driver 3.04.20
[   11.468535] Copyright (c) 1999-2008 LSI Corporation
[   11.475158] Fusion MPT SPI Host driver 3.04.20
[   11.500750] AVX2 version of gcm_enc/dec engaged.
[   11.501810] AES CTR mode by8 optimization enabled
[   11.675096] input: ImExPS/2 Generic Explorer Mouse as /devices/platform/i8042/serio1/input/input4
[   11.824278] e1000 0000:00:03.0 eth0: (PCI:33MHz:32-bit) 02:fb:a8:4c:29:d0
[   11.825463] e1000 0000:00:03.0 eth0: Intel(R) PRO/1000 Network Connection
[   11.827258] mptbase: ioc0: Initiating bringup
[   12.111874] ioc0: LSI53C1030 A0: Capabilities={Initiator}
[   13.113258] scsi host2: ioc0: LSI53C1030 A0, FwRev=00000000h, Ports=1, MaxQ=256, IRQ=20
[   13.872451] scsi 2:0:0:0: Direct-Access     VBOX     HARDDISK         1.0  PQ: 0 ANSI: 5
[   13.903131] scsi target2:0:0: Beginning Domain Validation
[   13.905705] scsi target2:0:0: Domain Validation skipping write tests
[   13.906644] scsi target2:0:0: Ending Domain Validation
[   13.907478] scsi target2:0:0: asynchronous
[   13.916110] scsi 2:0:1:0: Direct-Access     VBOX     HARDDISK         1.0  PQ: 0 ANSI: 5
[   13.917701] scsi target2:0:1: Beginning Domain Validation
[   13.920437] scsi target2:0:1: Domain Validation skipping write tests
[   13.921491] scsi target2:0:1: Ending Domain Validation
[   13.922407] scsi target2:0:1: asynchronous
[   13.936643] sd 2:0:0:0: Attached scsi generic sg0 type 0
[   13.946016] sd 2:0:0:0: [sda] 20971520 512-byte logical blocks: (10.7 GB/10.0 GiB)
[   13.947740] sd 2:0:0:0: [sda] Write Protect is off
[   13.948723] sd 2:0:0:0: [sda] Incomplete mode parameter data
[   13.949590] sd 2:0:0:0: [sda] Assuming drive cache: write through
[   13.951138] sd 2:0:1:0: [sdb] 20480 512-byte logical blocks: (10.5 MB/10.0 MiB)
[   13.952620] sd 2:0:1:0: Attached scsi generic sg1 type 0
[   13.953744] sd 2:0:1:0: [sdb] Write Protect is off
[   13.954874] sd 2:0:1:0: [sdb] Incomplete mode parameter data
[   13.955773] sd 2:0:1:0: [sdb] Assuming drive cache: write through
[   13.967859]  sda: sda1
[   13.969291] sd 2:0:0:0: [sda] Attached SCSI disk
[   13.970640] sd 2:0:1:0: [sdb] Attached SCSI disk
[   14.212233] e1000 0000:00:08.0 eth1: (PCI:33MHz:32-bit) 08:00:27:cd:cf:6f
[   14.217397] e1000 0000:00:08.0 eth1: Intel(R) PRO/1000 Network Connection
[   14.219185] e1000 0000:00:03.0 enp0s3: renamed from eth0
[   14.420570] e1000 0000:00:08.0 enp0s8: renamed from eth1
Begin: Loading e[   15.697761] md: linear personality registered for level -1
ssential drivers ... [   15.720226] md: multipath personality registered for level -4
[   15.730947] md: raid0 personality registered for level 0
[   15.750657] md: raid1 personality registered for level 1
[   15.837849] raid6: sse2x1   gen() 12803 MB/s
[   15.960934] raid6: sse2x1   xor()  9326 MB/s
[   16.047882] raid6: sse2x2   gen() 15068 MB/s
[   16.156235] raid6: sse2x2   xor() 10518 MB/s
[   16.261570] raid6: sse2x4   gen() 17789 MB/s
[   16.396022] raid6: sse2x4   xor() 11536 MB/s
[   16.470793] raid6: avx2x1   gen() 25502 MB/s
[   16.611892] raid6: avx2x2   gen() 28219 MB/s
[   16.776131] raid6: avx2x4   gen() 31304 MB/s
[   16.793639] raid6: using algorithm avx2x4 gen() 31304 MB/s
[   16.794606] raid6: using avx2x2 recovery algorithm
[   16.796638] xor: automatically using best checksumming function:
[   16.835935]    avx       : 26328.000 MB/sec
[   16.854026] async_tx: api initialized (async)
[   16.907076] md: raid6 personality registered for level 6
[   16.983697] md: raid5 personality registered for level 5
[   17.201272] md: raid4 personality registered for level 4
[   17.206548] md: raid10 personality registered for level 10
done.
Begin: Running[   17.227819] Btrfs loaded
 /scripts/init-premount ... done.
Begin: Mounting root file system ... Begin: Running /scripts/local-top ... done.
Begin: Running /scripts/local-premount ... Scanning for Btrfs filesystems
done.
Warning: fsck not present, so skipping root file system
[   17.348908] EXT4-fs (sda1): INFO: recovery required on readonly filesystem
[   17.349866] EXT4-fs (sda1): write access will be enabled during recovery
[   17.564051] random: nonblocking pool is initialized
[   17.666560] EXT4-fs (sda1): orphan cleanup on readonly fs
[   17.667420] EXT4-fs (sda1): 3 orphan inodes deleted
[   17.668146] EXT4-fs (sda1): recovery complete
[   17.669336] EXT4-fs (sda1): mounted filesystem with ordered data mode. Opts: (null)
done.
Begin: Running /scripts/local-bottom ... done.
Begin: Running /scripts/init-bottom ... done.
[   18.540011] systemd[1]: systemd 229 running in system mode. (PPAM +AUDIT +SELINUX +IMA +APPARMOR +SMACK +SYSVINIT +UTMP +LIBCRYPTSETUP +GCRYPT +GNUTLS +ACL +XZ -LZ4 +SECCOMP +BLKID +ELFUTILS +KMOD -IDN)
[   18.882281] systemd[1]: Detected virtualization oracle.
[   18.927760]systemd[1]: Detected architecture x86-64.

Welcome to [1mUbuntu 16.04.5 LTS[0m!

[ 19166780] systemd[1]: Set hostname to <uun-xia.
[   20.811414] systemd[1]: Listening on udev Control Socket.
[[0;32m  OK  [0m] Listening on udev Control Socket.
[   20.813347] systemd[1]: Listening on /dev/initctl Compatibility Named Pipe.
[[0;32m  OK  [0m] Listening on /dev/initctl Compatibility Named Pipe.
[   20.815374] systemd[1]: Listening on Syslog Socket.
[[0;32m  OK  [0m] Listening on Syslog Socket.
[   20.817045] systemd[1]: Started Forward Password Requests to Wall Directory Watch.
[[0;32m  OK  [0m] Started Forward Password Requests to Wall Directory Watch.
[   20.819463] systemd[1]: Set up automount Arbitrary Executable File Formats File System Automount Point.
[[0;32m  OK  [0m] Set up automount Arbitrary Executab...ats File System Automount Point.
[   20.822061] systemd[1]: Reached target Swap.
[[0;32m  OK  [0m] Reached target Swap.
[   20.823787] systemd[1]: Created slice User and Session Slice.
[[0;32m  OK  [0m] Created slice User and Session Slice.
[   20.825597] systemd[1]: Reached target Encrypted Volumes.
[[0;32m  OK  [0m] Reached target Encrypted Volumes.
[   20.827363] systemd[1]: Listening on Journal Audit Socket.
[[0;32m  OK  [0m] Listening on Journal Audit Socket.
[   20.829123] systemd[1]: Reached target System Time Synchronized.
[[0;32m  OK  [0m] Reached target System Time Synchronized.
[   20.830965] systemd[1]: Listening on udev Kernel Socket.
[[0;32m  OK  [0m] Listening on udev Kernel Socket.
[   20.832720] systemd[1]: Listening on LVM2 poll daemon socket.
[[0;32m  OK  [0m] Listening on LVM2 poll daemon socket.
[   20.834528] systemd[1]: Listening on Journal Socket (/dev/log).
[[0;32m  OK  [0m] Listening on Journal Socket (/dev/log).
[   21.11510] systemd[1]: Listening on Journal Socket.
[[0;32m  OK  [0m] Listening on Journal Socket.
[   21.146530] systemd[1]: Created slice System Slice.
[[0;32m  OK  [0m] Created slice System Slice.
[ 21720]ysmd]:reated slie system-seri\xgey.ic
[[0;32m  OK  [0m] Created slice system-serial\x2dgetty.slice.
[   22.196525] systemd[1]: Mounting POSIX Message Queue File System...
         Mounting POSIX Message Queue File System...
[   22.304478] systemd[1]: Starting Load Kernel Modules...
         Starting Load Kernel Modules...
[   22.358880] systemd[1]: Starting Remount Root and Kernel File Systems...
         Starting Remount Root and Kernel File Systems...
[   22014]ysmd1]: Reached target Slices.
[[0;32m  OK  [0m] Reached target Slices.
[   22.635233] EXT4-fs (sda1): re-mounted. Opts: (null)
[   22.636867] Loading iSCSI transport class v2.0-870.
[   22.752224] systemd[1]: Starting Create list of required static device nodes for the current kernel...
         [   22.806453] iscsi: registered transport (tcp)
Starting Create list of required st... nodes for the current kernel...
[   22.902884] systemd[1]: Starting Journal Service...
         Starting Journal Service...
[   22.991992] systemd[1]: Starting Nameserver information manager...
         Starting Nameserver information manager...
[   23.039856] systemd[1]: Mounting Huge Pages File System...
         Mounting Huge Pages File System...
[   23.044205] systemd[1]: Starting Uncomplicated firewall...
         Starting Uncomplicated firewall.[   23.067554] iscsi: registered transport (iser)
..
[   23.124411] systemd[1]: Starting Set console keymap...
         Starting Set console keymap...
[   23.156052] systemd[1]: Mounting Debug File System...
         Mounting Debug File System...
[   23.159036] systemd[1]: Listening on LVM2 metadata daemon socket.
[[0;32m  OK  [0m] Listening on LVM2 metadata daemon socket.
[   23.161342] systemd[1]: Reached target User and Group Name Lookups.
[[0;32m  OK  [0m] Reached target User and Group Name Lookups.
[ 23.180356] std[1]:Lieng  Dicmaper eventaemon FIs.
[[0;32m  OK  [0m] Listening on Device-mapper event daemon FIFOs.
[   23.860069] systemd[1]: Starting Monitoring of LVM2 mirrors, snapshots etc. using dmeventd or progress polling...
         Starting Monitoring of LVM2 mirrors... dmeventd or progress polling...
[   23.944756] systemd[1]: Started Trigger resolvconf update for networkd DNS.
[[0;32m  OK  [0m] Started Trigger resolvconf update for networkd DNS.
[   24.073291] systemd[1]: Mounted POSIX Message Queue File System.
[[0;32m  OK  [0m] Mounted POSIX Message Queue File System.
[   24.296745] systemd[1]: Mounted Debug File System.
[[0;32m  OK  [0m] Mounted Debug File System.
[   24.369244] systemd[1]: Mounted Huge Pages File System.
[[0;32m  OK  [0m] Mounted Huge Pages File System.
[   24.422655] systemd[1]: Started Journal Service.
[[0;32m  OK  [0m] Started Journal Service.
[[0;32m  OK  [0m] Started Load Kernel Modules.
[[0;32m  OK  [0m] Started Remount Root and Kernel File Systems.
[[0;32m  OK  [0m] Started Create list of required sta...ce nodes for the current kernel.
[[0;32m  OK  [0m] Started Uncomplicated firewall.
[[0;32m  OK  [0m] Started Set console keymap.
[[0;32m  OK  [0m] Started Nameserver information manager.
[[0;32m  OK  [0m] Started LVM2 metadata daemon.
         Starting Create Static Device Nodes in /dev...
         Starting udev Coldplug all Devices...
         Starting Load/Save Random Seed...
         Starting Apply Kernel Variables...
         Mounting FUSE Control File System...
         Starting Flush Journal to Persistent Storage...
[[0;32m  OK  [0m] Mounted FUSE Control File System.
[[0;32m  OK  [0m] Started udev Coldplug all Devices.
[   25.290420] systemd-journald[391]: Received request to flush runtime journal from PID 1
[[0;32m  OK  [0m] Started Apply Kernel Variables.
[[0;32m  OK  [0m] Started Load/Save Random Seed.
[[0;32m  OK  [0m] Started Flush Journal to Persistent Storage.
[[0;32m  OK  [0m] Started Monitoring of LVM2 mirrors,...ng dmeventd or progress polling.
[[0;32m  OK  [0m] Started Create Static Device Nodes in /dev.
         Starting udev Kernel Device Manager...
[[0;32m  OK  [0m] Started udev Kernel Device Manager.
[[0;32m  OK  [0m] Started Dispatch Password Requests to Console Directory Watch.
[[0;32m  OK  [0m] Reached target Local File Systems (Pre).
[[0;32m  OK  [0m] Reached target Local File Systems.
         Starting Set console font and keymap...
         Starting Tell Plymouth To Write Out Runtime Data...
         Starting LSB: AppArmor initialization...
         Starting Initial cloud-init job (pre-networking)...
         Starting Create Volatile Files and Directories...
[[0;32m  OK  [0m] Started Tell Plymouth To Write Out Runtime Data.
[[0;32m  OK  [0m] Started Create Volatile Files and Directories.
         Starting Update UTMP about System Boot/Shutdown...
[[0;32m  OK  [0m] Found device /dev/ttyS0.
[[0;32m  OK  [0m] Listening on Load/Save RF Kill Switch Status /dev/rfkill Watch.
[[0;32m  OK  [0m] Started Update UTMP about System Boot/Shutdown.
[[0;32m  OK  [0m] Found device 82540EM Gigabit Ethern...r (PRO/1000 MT Desktop Adapter).
[[0;32m  OK  [0m] Found device 82540EM Gigabit Ethern...r (PRO/1000 MT Desktop Adapter).
[[0;32m  OK  [0m] Started Set console font and keymap.
[[0;32m  OK  [0m] Created slice system-getty.slice.
[[0;32m  OK  [0m] Started LSB: AppArmor initialization.
[   29.178519] cloud-init[493]: Cloud-init v. 18.3-9-g2e62cb8a-0ubuntu1~16.04.2 running 'init-local' at Thu, 18 Oct 2018 11:46:41 +0000. Up 28.53 seconds.
[[0;32m  OK  [0m] Started Initial cloud-init job (pre-networking).
[[0;32m  OK  [0m] Reached target Network (Pre).
         Starting Raise network interfaces...
[[0;32m  OK  [0m] Started ifup for enp0s8.
[[0;32m  OK  [0m] Started ifup for enp0s3.
[[0;32m  OK  [0m] Started Raise network interfaces.
         Starting Initial cloud-init job (metadata service crawler)...
[[0;32m  OK  [0m] Reached target Network.
[   31.490113] cloud-init[1064]: Cloud-init v. 18.3-9-g2e62cb8a-0ubuntu1~16.04.2 running 'init' at Thu, 18 Oct 2018 11:46:43 +0000. Up 30.59 seconds.
[   31.677300] [cloud-init[0;32m  OK  [0m[1064]: ] ci-info: ++++++++++++++++++++++++++++++++++++++Net device info+++++++++++++++++++++++++++++++++++++++Started Initial cloud-init job (metadata service crawler).

[   31.866575] cloud-init[1064]: ci-info: +--------+------+-----------------------------+---------------+--------+-------------------+
[   31.873331] cloud-init[1064]: ci-info: | Device |  Up  |           Address           |      Mask     | Scope  |     Hw-Address    |
[[0;32m  OK  [0m] Reached target Network is Online.
[   31.876585] cloud-init[1064]: ci-info: +--------+------+-----------------------------+---------------+--------+-------------------+
[   31.878379] cloud-init[1064]: ci-info: | enp0s3 | True |          10.0.2.15          | 255.255.255.0 | global | 02:fb:a8:4c:29:d0 |
[   31.916351] cloud-init[1064]: ci-info: | enp0s3 | True |  fe80::fb:a8ff:fe4c:29d0/64 |       .       |  link  | 02:fb:a8:4c:29:d0 |
[   31.916620] cloud-init[1064]: ci-info: | enp0s8 | True |        192.168.33.10        | 255.255.255.0 | global | 08:00:27:cd:cf:6f |
         Starting iSCSI initiator daemon (iscsid)...
[[   31.916840] cloud-init[1064]: ci-info: | enp0s8 | True | fe80::a00:27ff:fecd:cf6f/64 |       .       |  link  | 08:00:27:cd:cf:6f |
[   31.973480] cloud-init[1064]: ci-info: |   lo   | True |          127.0.0.1          |   255.0.0.0   |  host  |         .         |
[   31.973783] cloud-init[1064]: ci-info: |   lo   | True |           ::1/128           |       .       |  host  |         .         |
[   31.973904] cloud-init[1064]: ci-info: +--------+------+-----------------------------+---------------+--------+-------------------+
[   31.974076] cloud-init[1064]: ci-info: ++++++++++++++++++++++++++++Route IPv4 info++++++++++++++++++++++++++++
[   31.974382] cloud-init[1064]: ci-info: +-------+--------------+----------+---------------+-----------+-------+
[   31.974538] cloud-init[1064]: ci-info: | Route | Destination  | Gateway  |    Genmask    | Interface | Flags |
[   31.974684] cloud-init[1064]: ci-info: +-------+--------------+----------+---------------+-----------+-------+
[   31.974834] cloud-init[1064]: ci-info: |   0   |   0.0.0.0    | 10.0.2.2 |    0.0.0.0    |   enp0s3  |   UG  |
[   31.974984] cloud-init[1064]: ci-info: |   1   |   10.0.2.0   | 0.0.0.0  | 255.255.255.0 |   enp0s3  |   U   |
[   31.975137] cloud-init[1064]: ci-info: |   2   | 192.168.33.0 | 0.0.0.0  | 255.255.255.0 |   enp0s8  |   U   |
[   31.975285] cloud-init[1064]: ci-info: +-------+--------------+----------+---------------+-----------+-------+
[0;32m  OK  [0m] Reached target Cloud-config availability.
[[   31.975446] cloud-init[1064]: ci-info: +++++++++++++++++++Route IPv6 info+++++++++++++++++++
[   32.958103] cloud-init[1064]: ci-info: +-------+-------------+---------+-----------+-------+
[   32.958434] cloud-init[1064]: ci-info: | Route | Destination | Gateway | Interface | Flags |
[   32.958516] cloud-init[1064]: ci-info: +-------+-------------+---------+-----------+-------+
[   32.958652] cloud-init[1064]: ci-info: |   0   |  fe80::/64  |    ::   |   enp0s8  |   U   |
[   32.958796] cloud-init[1064]: ci-info: |   1   |  fe80::/64  |    ::   |   enp0s3  |   U   |
[   32.958928] cloud-init[1064]: ci-info: |   4   |   ff00::/8  |    ::   |   enp0s8  |   U   |
[   32.959064] cloud-init[1064]: ci-info: |   5   |   ff00::/8  |    ::   |   enp0s3  |   U   |
[   32.959202] cloud-init[1064]: ci-info: +-------+-------------+---------+-----------+-------+
[0;32m  OK  [0m] Reached target System Initialization.
[[0;32m  OK  [0m] Started Daily apt download activities.
[[0;32m  OK  [0m] Started Daily Cleanup of Temporary Directories.
[[0;32m  OK  [0m] Started Daily apt upgrade and clean activities.
         Starting LXD - unix socket.
[[0;32m  OK  [0m] Started ACPI Events Check.
[[0;32m  OK  [0m] Reached target Paths.
[[0;32m  OK  [0m] Listening on UUID daemon activation socket.
         Starting Socket activation for snappy daemon.
[[0;32m  OK  [0m] Reached target Timers.
[[0;32m  OK  [0m] Listening on D-Bus System Message Bus Socket.
[[0;32m  OK  [0m] Listening on ACPID Listen Socket.
[[0;32m  OK  [0m] Listening on LXD - unix socket.
[[0;32m  OK  [0m] Listening on Socket activation for snappy daemon.
[[0;32m  OK  [0m] Started iSCSI initiator daemon (iscsid).
         Starting Login to default iSCSI targets...
[[0;32m  OK  [0m] Reached target Sockets.
[[0;32m  OK  [0m] Reached target Basic System.
         Starting LSB: Record successful boot for GRUB...
[[0;32m  OK  [0m] Started Unattended Upgrades Shutdown.
         Starting Snappy daemon...
[[0;32m  OK  [0m] Started FUSE filesystem for LXC.
[[0;32m  OK  [0m] Started Regular background program processing daemon.
         Starting Accounts Service...
         Starting Login Service...
[[0;32m  OK  [0m] Started Deferred execution scheduler.
[[0;32m  OK  [0m] Started D-Bus System Message Bus.
         Starting LSB: MD monitoring daemon...
         Starting The PHP 7.0 FastCGI Process Manager...
         Starting /etc/rc.local Compatibility...
         Starting Virtualbox guest utils...
         Starting System Logging Service...
[[0;32m  OK  [0m] Started ACPI event daemon.
         Starting OpenBSD Secure Shell server...
         Starting LXD - container startup/shutdown...
[[0;32m  OK  [0m] Started /etc/rc.local Compatibility.
[[0;32m  OK  [0m] Started Login Service.
         Starting Authenticate and Authorize Users to Run Privileged Tasks...
[[0;32m  OK  [0m] Started LSB: Record successful boot for GRUB.
[[0;32m  OK  [0m] Started LSB: MD monitoring daemon.
[[0;32m  OK  [0m] Started Login to default iSCSI targets.
[[0;32m  OK  [0m] Reached target Remote File Systems (Pre).
[[0;32m  OK  [0m] Reached target Remote File Systems.
         Starting LSB: Set the CPU Frequency Scaling governor to "ondemand"...
         Starting LSB: Apache2 web server...
         Starting Permit User Sessions...
         Starting LSB: daemon to balance interrupts for SMP systems...
         Starting LSB: automatic crash report generation...
[[0;32m  OK  [0m] Started LSB: Set the CPU Frequency Scaling governor to "ondemand".
[[0;32m  OK  [0m] Started Permit User Sessions.
         Starting Hold until boot process finishes up...
         Starting Terminate Plymouth Boot Screen...
[[0;32m  OK  [0m] Started Hold until boot process finishes up.
[[0;32m  OK  [0m] Started Terminate Plymouth Boot Screen.
[[0;32m  OK  [0m] Started Serial Getty on ttyS0.
[[0;32m  OK  [0m] Started Getty on tty1.
[[0;32m  OK  [0m] Reached target Login Prompts.
         Starting Set console scheme...
[[0;32m  OK  [0m] Started System Logging Service.
[[0;32m  OK  [0m] Started LSB: daemon to balance interrupts for SMP systems.
[[0;32m  OK  [0m] Started Authenticate and Authorize Users to Run Privileged Tasks.
[[0;32m  OK  [0m] Started Set console scheme.
[[0;32m  OK  [0m] Started Accounts Service.
[[0;32m  OK  [0m] Started LSB: automatic crash report generation.
[[0;32m  OK  [0m] Started Virtualbox guest utils.
[[0;32m  OK  [0m] Started OpenBSD Secure Shell server.
[[0;32m  OK  [0m] Created slice User Slice of vagrant.
         Starting User Manager for UID 1000...
[[0;32m  OK  [0m] Started Session 1 of user vagrant.
[[0;32m  OK  [0m] Started User Manager for UID 1000.
[[0;32m  OK  [0m] Started Snappy daemon.
         Starting Wait until snapd is fully seeded...
[[0;32m  OK  [0m] Started Wait until snapd is fully seeded.
         Starting Apply the settings specified in cloud-config...
[   43.530651] cloud-init[1345]: Cloud-init v. 18.3-9-g2e62cb8a-0ubuntu1~16.04.2 running 'modules:config' at Thu, 18 Oct 2018 11:46:55 +0000. Up 42.82 seconds.

Ubuntu 16.04.5 LTS ubuntu-xenial ttyS0

ubuntu-xenial login: [   45.766895] cloud-init[1463]: Cloud-init v. 18.3-9-g2e62cb8a-0ubuntu1~16.04.2 running 'modules:final' at Thu, 18 Oct 2018 11:46:58 +0000. Up 45.44 seconds.
[   45.767074] cloud-init[1463]: Cloud-init v. 18.3-9-g2e62cb8a-0ubuntu1~16.04.2 finished at Thu, 18 Oct 2018 11:46:58 +0000. Datasource DataSourceNoCloud [seed=/dev/sdb][dsmode=net].  Up 45.76 seconds
